<?xml version="1.0" encoding="UTF-8" ?>
<testsuite tests="7" failures="0" name="TestSuite" time="0.004" errors="0" skipped="0">
  <properties>
    <property name="idea.version" value="2021.3.3"/>
    <property name="java.runtime.name" value="Java(TM) SE Runtime Environment"/>
    <property name="java.vm.version" value="16+36-2231"/>
    <property name="sun.boot.library.path" value="D:\Program Files\Java\jdk-16\bin"/>
    <property name="maven.multiModuleProjectDirectory" value="D:\ProgrammingProjects\utec\2022_1\ing_software\lab2a"/>
    <property name="java.vm.vendor" value="Oracle Corporation"/>
    <property name="java.vendor.url" value="https://java.oracle.com/"/>
    <property name="guice.disable.misplaced.annotation.check" value="true"/>
    <property name="path.separator" value=";"/>
    <property name="java.vm.name" value="Java HotSpot(TM) 64-Bit Server VM"/>
    <property name="sun.os.patch.level" value=""/>
    <property name="user.script" value=""/>
    <property name="user.country" value="PE"/>
    <property name="sun.java.launcher" value="SUN_STANDARD"/>
    <property name="java.vm.specification.name" value="Java Virtual Machine Specification"/>
    <property name="user.dir" value="D:\ProgrammingProjects\utec\2022_1\ing_software\lab2a"/>
    <property name="java.vm.compressedOopsMode" value="Zero based"/>
    <property name="java.runtime.version" value="16+36-2231"/>
    <property name="os.arch" value="amd64"/>
    <property name="java.io.tmpdir" value="C:\Users\Luis\AppData\Local\Temp\"/>
    <property name="line.separator" value="
"/>
    <property name="java.vm.specification.vendor" value="Oracle Corporation"/>
    <property name="user.variant" value=""/>
    <property name="os.name" value="Windows 10"/>
    <property name="maven.ext.class.path" value="D:\Program Files\IntelliJ\IntelliJ IDEA Community Edition 2021.3.3\plugins\maven\lib\maven-event-listener.jar"/>
    <property name="classworlds.conf" value="D:\Program Files\IntelliJ\IntelliJ IDEA Community Edition 2021.3.3\plugins\maven\lib\maven3\bin\m2.conf"/>
    <property name="sun.jnu.encoding" value="Cp1252"/>
    <property name="java.library.path" value="D:\Program Files\Java\jdk-16\bin;C:\WINDOWS\Sun\Java\bin;C:\WINDOWS\system32;C:\WINDOWS;C:\Program Files\Common Files\Oracle\Java\javapath;C:\Program Files (x86)\Common Files\Oracle\Java\javapath;C:\ProgramData\Oracle\Java\javapath;C:\Windows\system32;C:\Windows;C:\Windows\System32\Wbem;C:\Windows\System32\WindowsPowerShell\v1.0\;C:\Windows\System32\OpenSSH\;C:\Program Files\Intel\WiFi\bin\;C:\Program Files\Common Files\Intel\WirelessCommon\;C:\Program Files (x86)\NVIDIA Corporation\PhysX\Common;C:\Program Files\NVIDIA Corporation\NVIDIA NvDLISR;C:\WINDOWS\system32;C:\WINDOWS;C:\WINDOWS\System32\Wbem;C:\WINDOWS\System32\WindowsPowerShell\v1.0\;C:\WINDOWS\System32\OpenSSH\;D:\Program Files\MiKTeX\miktex\bin\x64\;D:\MinGW\mingw64\bin;D:\Program Files\nodejs\;D:\Program Files\Git\cmd;C:\Program Files\MySQL\MySQL Server 8.0\bin;D:\Program Files\Java\jdk-16;D:\Oracle\java-jdks;D:\Oracle\java-jre;D:\Go\bin;C:\Program Files\dotnet\;D:\MinGW\mingw64\x86_64-w64-mingw32\bin;D:\maven\apache-maven-3.8.5\bin;C:\Users\Luis\AppData\Local\Programs\Eclipse Adoptium\jdk-17.0.2.8-hotspot\bin;D:\python\python39\Scripts\;D:\python\python39\;C:\Users\Luis\AppData\Local\Microsoft\WindowsApps;C:\Users\Luis\.dotnet\tools;D:\Program Files\Microsoft VS Code\bin;C:\Users\Luis\AppData\Local\Microsoft\WindowsApps;C:\Users\Luis\go\bin;D:\iverilog\bin;D:\iverilog\gtkwave\bin;C:\Users\Luis\go\bin;D:\Program Files\PostgreSQL\13\scripts;C:\Users\Luis\AppData\Roaming\npm;C:\Users\Luis\go\bin;C:\Users\Luis\.dotnet\tools;D:\Program Files\IntelliJ\IntelliJ IDEA Community Edition 2021.3.3\bin;;;."/>
    <property name="maven.conf" value="D:\Program Files\IntelliJ\IntelliJ IDEA Community Edition 2021.3.3\plugins\maven\lib\maven3/conf"/>
    <property name="jdk.debug" value="release"/>
    <property name="java.class.version" value="60.0"/>
    <property name="java.specification.name" value="Java Platform API Specification"/>
    <property name="sun.management.compiler" value="HotSpot 64-Bit Tiered Compilers"/>
    <property name="os.version" value="10.0"/>
    <property name="user.home" value="C:\Users\Luis"/>
    <property name="user.timezone" value="America/Bogota"/>
    <property name="file.encoding" value="UTF-8"/>
    <property name="java.specification.version" value="16"/>
    <property name="user.name" value="Ian"/>
    <property name="java.class.path" value="D:\Program Files\IntelliJ\IntelliJ IDEA Community Edition 2021.3.3\plugins\maven\lib\maven3\boot\plexus-classworlds-2.6.0.jar;D:\Program Files\IntelliJ\IntelliJ IDEA Community Edition 2021.3.3\plugins\maven\lib\maven3\boot\plexus-classworlds.license"/>
    <property name="java.vm.specification.version" value="16"/>
    <property name="sun.arch.data.model" value="64"/>
    <property name="sun.java.command" value="org.codehaus.classworlds.Launcher -Didea.version=2021.3.3 test"/>
    <property name="java.home" value="D:\Program Files\Java\jdk-16"/>
    <property name="user.language" value="es"/>
    <property name="java.specification.vendor" value="Oracle Corporation"/>
    <property name="java.vm.info" value="mixed mode, sharing"/>
    <property name="java.version" value="16"/>
    <property name="java.vendor" value="Oracle Corporation"/>
    <property name="maven.home" value="D:\Program Files\IntelliJ\IntelliJ IDEA Community Edition 2021.3.3\plugins\maven\lib\maven3"/>
    <property name="file.separator" value="\"/>
    <property name="java.version.date" value="2021-03-16"/>
    <property name="java.vendor.url.bug" value="https://bugreport.java.com/bugreport/"/>
    <property name="sun.io.unicode.encoding" value="UnicodeLittle"/>
    <property name="sun.cpu.endian" value="little"/>
    <property name="sun.cpu.isalist" value="amd64"/>
  </properties>
  <testcase classname="lab.ManageDemandTest" name="test_AllOrdersFromBrazil" time="0.004"/>
  <testcase classname="lab.ManageDemandTest" name="test_AllOrdersFromColombian" time="0"/>
  <testcase classname="lab.ManageDemandTest" name="test_AllOrdersFromPeru" time="0"/>
  <testcase classname="lab.ManageDemandTest" name="test_NoOrders" time="0"/>
  <testcase classname="lab.ManageDemandTest" name="test_RandomOrders" time="0"/>
  <testcase classname="lab.ManageDemandTest" name="test_RandomOrdersByAdditional" time="0"/>
  <testcase classname="lab.ManageDemandTest" name="test_WrongCountryNames" time="0"/>
</testsuite>