<?xml version="1.0" encoding="UTF-8"?>
<!-- Generated by org.testng.reporters.JUnitReportReporter -->
<testsuite hostname="DESKTOP-46BEBKF" failures="0" tests="8" name="lab.ManageDemandTest" time="0.004" errors="0" timestamp="2022-03-31T21:44:06 COT" skipped="0">
  <testcase classname="lab.ManageDemandTest" name="test_AllOrdersFromColombian" time="0.000"/>
  <testcase classname="lab.ManageDemandTest" name="test_AllOrdersFromPeru" time="0.000"/>
  <testcase classname="lab.ManageDemandTest" name="test_InvalidQuantity" time="0.000"/>
  <testcase classname="lab.ManageDemandTest" name="test_NoOrders" time="0.001"/>
  <testcase classname="lab.ManageDemandTest" name="test_RandomOrdersByAdditional" time="0.000"/>
  <testcase classname="lab.ManageDemandTest" name="test_AllOrdersFromBrazil" time="0.003"/>
  <testcase classname="lab.ManageDemandTest" name="test_RandomOrders" time="0.000"/>
  <testcase classname="lab.ManageDemandTest" name="test_WrongCountryNames" time="0.000"/>
</testsuite> <!-- lab.ManageDemandTest -->
