<?xml version="1.0" encoding="UTF-8"?>
<!-- Generated by org.testng.reporters.JUnitReportReporter -->
<testsuite hostname="DESKTOP-46BEBKF" failures="0" tests="2" name="lab.ManageDemandTest" time="0.004" errors="0" timestamp="2022-03-31T21:06:54 COT" skipped="0">
  <testcase classname="lab.ManageDemandTest" name="test_AllOrdersFromPeru" time="0.003"/>
  <testcase classname="lab.ManageDemandTest" name="test_NoOrders" time="0.001"/>
</testsuite> <!-- lab.ManageDemandTest -->
